<?xml version="1.0" encoding="UTF-8"?>
<!-- Generated by org.testng.reporters.JUnitReportReporter -->
<testsuite hostname="DESKTOP-F1I28DR" name="testngframework.AnnotationsDemo" tests="1" failures="0" timestamp="29 Dec 2021 14:34:31 GMT" time="0.020" errors="0">
  <testcase name="f" time="0.020" classname="testngframework.AnnotationsDemo"/>
</testsuite> <!-- testngframework.AnnotationsDemo -->
