<?xml version="1.0" encoding="UTF-8"?>
<!-- Generated by org.testng.reporters.JUnitReportReporter -->
<testsuite hostname="DESKTOP-F1I28DR" name="testNGFramework.StoreContactAs" tests="3" failures="0" timestamp="14 Dec 2021 07:22:36 GMT" time="104.514" errors="0">
  <testcase name="c_dropDown" time="14.100" classname="testNGFramework.StoreContactAs"/>
  <testcase name="a_pageload" time="80.282" classname="testNGFramework.StoreContactAs"/>
  <testcase name="b_contactus" time="10.132" classname="testNGFramework.StoreContactAs"/>
</testsuite> <!-- testNGFramework.StoreContactAs -->
