<?xml version="1.0" encoding="UTF-8"?>
<!-- Generated by org.testng.reporters.JUnitReportReporter -->
<testsuite hostname="DESKTOP-F1I28DR" name="testNGFramework.jpet" tests="4" failures="0" timestamp="13 Dec 2021 13:20:15 GMT" time="35.992" errors="0">
  <testcase name="accountInfo" time="4.861" classname="testNGFramework.jpet"/>
  <testcase name="profileInfo" time="3.129" classname="testNGFramework.jpet"/>
  <testcase name="pageload" time="26.969" classname="testNGFramework.jpet"/>
  <testcase name="userInfo" time="1.033" classname="testNGFramework.jpet"/>
</testsuite> <!-- testNGFramework.jpet -->
