<?xml version="1.0" encoding="UTF-8"?>
<!-- Generated by org.testng.reporters.JUnitReportReporter -->
<testsuite hostname="DESKTOP-F1I28DR" name="testNGFramework.ProductStoreContact" tests="3" failures="0" timestamp="13 Dec 2021 13:22:03 GMT" time="26.766" errors="0">
  <testcase name="a_pageload" time="18.031" classname="testNGFramework.ProductStoreContact"/>
  <testcase name="c_alert" time="3.636" classname="testNGFramework.ProductStoreContact"/>
  <testcase name="b_contact" time="5.099" classname="testNGFramework.ProductStoreContact"/>
</testsuite> <!-- testNGFramework.ProductStoreContact -->
