<?xml version="1.0" encoding="UTF-8"?>
<!-- Generated by org.testng.reporters.JUnitReportReporter -->
<testsuite hostname="DESKTOP-F1I28DR" name="testNGFramework.SwagLabs" tests="2" failures="0" timestamp="10 Dec 2021 04:48:51 GMT" time="36.763" errors="0">
  <testcase name="a_pageload" time="33.643" classname="testNGFramework.SwagLabs"/>
  <testcase name="b_loginPage" time="3.120" classname="testNGFramework.SwagLabs"/>
</testsuite> <!-- testNGFramework.SwagLabs -->
