<?xml version="1.0" encoding="UTF-8"?>
<!-- Generated by org.testng.reporters.JUnitReportReporter -->
<testsuite hostname="DESKTOP-F1I28DR" name="testNGFramework.GroupingConcept" tests="4" failures="0" timestamp="17 Dec 2021 14:53:16 GMT" time="0.102" errors="0">
  <testcase name="f1" time="0.096" classname="testNGFramework.GroupingConcept"/>
  <testcase name="f2" time="0.002" classname="testNGFramework.GroupingConcept"/>
  <testcase name="f4" time="0.002" classname="testNGFramework.GroupingConcept"/>
  <testcase name="f3" time="0.002" classname="testNGFramework.GroupingConcept"/>
</testsuite> <!-- testNGFramework.GroupingConcept -->
