<?xml version="1.0" encoding="UTF-8"?>
<!-- Generated by org.testng.reporters.JUnitReportReporter -->
<testsuite hostname="DESKTOP-F1I28DR" name="testNGFramework.Verificationcommands" tests="4" failures="0" timestamp="18 Dec 2021 14:36:40 GMT" time="67.176" errors="0">
  <testcase name="d_text" time="0.197" classname="testNGFramework.Verificationcommands"/>
  <testcase name="b_radioButton" time="1.452" classname="testNGFramework.Verificationcommands"/>
  <testcase name="c_gender" time="0.215" classname="testNGFramework.Verificationcommands"/>
  <testcase name="a_pageLoad" time="65.312" classname="testNGFramework.Verificationcommands"/>
</testsuite> <!-- testNGFramework.Verificationcommands -->
