<?xml version="1.0" encoding="UTF-8"?>
<!-- Generated by org.testng.reporters.JUnitReportReporter -->
<testsuite hostname="DESKTOP-F1I28DR" name="testNGFramework.DisablingTestcase" tests="4" failures="0" timestamp="14 Dec 2021 03:30:57 GMT" time="0.039" errors="0">
  <testcase name="f2" time="0.001" classname="testNGFramework.DisablingTestcase"/>
  <testcase name="f1" time="0.034" classname="testNGFramework.DisablingTestcase"/>
  <testcase name="f4" time="0.002" classname="testNGFramework.DisablingTestcase"/>
  <testcase name="f5" time="0.002" classname="testNGFramework.DisablingTestcase"/>
</testsuite> <!-- testNGFramework.DisablingTestcase -->
