<?xml version="1.0" encoding="UTF-8"?>
<!-- Generated by org.testng.reporters.JUnitReportReporter -->
<testsuite hostname="DESKTOP-F1I28DR" name="testNGFramework.ProductStoreMobile" tests="4" failures="0" timestamp="13 Dec 2021 13:20:15 GMT" time="34.330" errors="0">
  <testcase name="c_printing" time="3.352" classname="testNGFramework.ProductStoreMobile"/>
  <testcase name="a_pageload" time="13.215" classname="testNGFramework.ProductStoreMobile"/>
  <testcase name="b_mobileClick" time="11.033" classname="testNGFramework.ProductStoreMobile"/>
  <testcase name="d_addToCart" time="6.730" classname="testNGFramework.ProductStoreMobile"/>
</testsuite> <!-- testNGFramework.ProductStoreMobile -->
