<?xml version="1.0" encoding="UTF-8"?>
<!-- Generated by org.testng.reporters.JUnitReportReporter -->
<testsuite hostname="DESKTOP-F1I28DR" name="testNGFramework.NavigationCommands" tests="2" failures="0" timestamp="17 Dec 2021 03:14:54 GMT" time="144.812" errors="0">
  <testcase name="a_pageload" time="40.159" classname="testNGFramework.NavigationCommands"/>
  <testcase name="b_navigationCommands" time="104.653" classname="testNGFramework.NavigationCommands"/>
</testsuite> <!-- testNGFramework.NavigationCommands -->
