<?xml version="1.0" encoding="UTF-8"?>
<!-- Generated by org.testng.reporters.JUnitReportReporter -->
<testsuite hostname="DESKTOP-F1I28DR" name="testNGFramework.MethodDependencyDemo" tests="5" failures="0" timestamp="14 Dec 2021 04:43:35 GMT" time="0.047" errors="0">
  <testcase name="f3" time="0.047" classname="testNGFramework.MethodDependencyDemo"/>
  <testcase name="f4" time="0.000" classname="testNGFramework.MethodDependencyDemo"/>
  <testcase name="f2" time="0.000" classname="testNGFramework.MethodDependencyDemo"/>
  <testcase name="f1" time="0.000" classname="testNGFramework.MethodDependencyDemo"/>
  <testcase name="f5" time="0.000" classname="testNGFramework.MethodDependencyDemo"/>
</testsuite> <!-- testNGFramework.MethodDependencyDemo -->
