<?xml version="1.0" encoding="UTF-8"?>
<!-- Generated by org.testng.reporters.JUnitReportReporter -->
<testsuite hostname="DESKTOP-F1I28DR" name="testNGFramework.FlipkartHandlingWindows" tests="4" failures="0" timestamp="11 Dec 2021 15:54:50 GMT" time="42.214" errors="0">
  <testcase name="a_pageload" time="26.792" classname="testNGFramework.FlipkartHandlingWindows"/>
  <testcase name="b_searching" time="6.721" classname="testNGFramework.FlipkartHandlingWindows"/>
  <testcase name="d_printing" time="8.504" classname="testNGFramework.FlipkartHandlingWindows"/>
  <testcase name="c_windowsHandle" time="0.197" classname="testNGFramework.FlipkartHandlingWindows"/>
</testsuite> <!-- testNGFramework.FlipkartHandlingWindows -->
