<?xml version="1.0" encoding="UTF-8"?>
<!-- Generated by org.testng.reporters.JUnitReportReporter -->
<testsuite hostname="DESKTOP-F1I28DR" name="testNGFramework.swaglab2" tests="1" failures="0" timestamp="16 Dec 2021 04:42:19 GMT" time="2.452" errors="0">
  <testcase name="b_userLogin" time="2.452" classname="testNGFramework.swaglab2"/>
</testsuite> <!-- testNGFramework.swaglab2 -->
