<?xml version="1.0" encoding="UTF-8"?>
<!-- Generated by org.testng.reporters.JUnitReportReporter -->
<testsuite hostname="DESKTOP-F1I28DR" name="testNGFramework.TakingScreenshotMultiple" tests="1" failures="0" timestamp="15 Dec 2021 06:06:25 GMT" time="99.058" errors="0">
  <testcase name="screenshot" time="99.058" classname="testNGFramework.TakingScreenshotMultiple"/>
</testsuite> <!-- testNGFramework.TakingScreenshotMultiple -->
