<?xml version="1.0" encoding="UTF-8"?>
<!-- Generated by org.testng.reporters.JUnitReportReporter -->
<testsuite hostname="DESKTOP-F1I28DR" name="testNGFramework.AutomationPractice" tests="3" failures="0" timestamp="15 Dec 2021 06:46:39 GMT" time="111.189" errors="0">
  <testcase name="a_pageLoad" time="58.981" classname="testNGFramework.AutomationPractice"/>
  <testcase name="c_registerForm" time="30.233" classname="testNGFramework.AutomationPractice"/>
  <testcase name="b_signIn" time="21.975" classname="testNGFramework.AutomationPractice"/>
</testsuite> <!-- testNGFramework.AutomationPractice -->
